<?xml version="1.0" encoding="UTF-8"?>
<!-- Generated by org.testng.reporters.JUnitReportReporter -->
<testsuite hostname="DESKTOP-MLQSV5O" name="amTestJanFirst.SampleTestFirst" tests="1" failures="0" timestamp="1 Jan 2019 09:29:09 GMT" time="20.659" errors="0">
  <testcase name="amtest" time="20.659" classname="amTestJanFirst.SampleTestFirst"/>
</testsuite> <!-- amTestJanFirst.SampleTestFirst -->
